{
  "/Users/bc/Desktop/modulairhr/next.config.js": {
    "path": "/Users/bc/Desktop/modulairhr/next.config.js",
    "all": true,
    "statementMap": {
      "0": { "start": { "line": 1, "column": 0 }, "end": { "line": 1, "column": 40 } },
      "1": { "start": { "line": 2, "column": 0 }, "end": { "line": 2, "column": 20 } },
      "2": { "start": { "line": 3, "column": 0 }, "end": { "line": 3, "column": 17 } },
      "3": { "start": { "line": 4, "column": 0 }, "end": { "line": 4, "column": 47 } },
      "4": { "start": { "line": 5, "column": 0 }, "end": { "line": 5, "column": 4 } },
      "5": { "start": { "line": 6, "column": 0 }, "end": { "line": 6, "column": 1 } },
      "6": { "start": { "line": 7, "column": 0 }, "end": { "line": 7, "column": 0 } },
      "7": { "start": { "line": 8, "column": 0 }, "end": { "line": 8, "column": 27 } }
    },
    "s": { "0": 0, "1": 0, "2": 0, "3": 0, "4": 0, "5": 0, "6": 0, "7": 0 },
    "branchMap": {
      "0": {
        "type": "branch",
        "line": 1,
        "loc": { "start": { "line": 1, "column": 163 }, "end": { "line": 8, "column": 27 } },
        "locations": [{ "start": { "line": 1, "column": 163 }, "end": { "line": 8, "column": 27 } }]
      }
    },
    "b": { "0": [0] },
    "fnMap": {
      "0": {
        "name": "(empty-report)",
        "decl": { "start": { "line": 1, "column": 163 }, "end": { "line": 8, "column": 27 } },
        "loc": { "start": { "line": 1, "column": 163 }, "end": { "line": 8, "column": 27 } },
        "line": 1
      }
    },
    "f": { "0": 0 }
  },
  "/Users/bc/Desktop/modulairhr/postcss.config.js": {
    "path": "/Users/bc/Desktop/modulairhr/postcss.config.js",
    "all": true,
    "statementMap": {
      "0": { "start": { "line": 1, "column": 0 }, "end": { "line": 1, "column": 18 } },
      "1": { "start": { "line": 2, "column": 0 }, "end": { "line": 2, "column": 12 } },
      "2": { "start": { "line": 3, "column": 0 }, "end": { "line": 3, "column": 20 } },
      "3": { "start": { "line": 4, "column": 0 }, "end": { "line": 4, "column": 21 } },
      "4": { "start": { "line": 5, "column": 0 }, "end": { "line": 5, "column": 4 } },
      "5": { "start": { "line": 6, "column": 0 }, "end": { "line": 6, "column": 1 } }
    },
    "s": { "0": 0, "1": 0, "2": 0, "3": 0, "4": 0, "5": 0 },
    "branchMap": {
      "0": {
        "type": "branch",
        "line": 1,
        "loc": { "start": { "line": 1, "column": 81 }, "end": { "line": 6, "column": 1 } },
        "locations": [{ "start": { "line": 1, "column": 81 }, "end": { "line": 6, "column": 1 } }]
      }
    },
    "b": { "0": [0] },
    "fnMap": {
      "0": {
        "name": "(empty-report)",
        "decl": { "start": { "line": 1, "column": 81 }, "end": { "line": 6, "column": 1 } },
        "loc": { "start": { "line": 1, "column": 81 }, "end": { "line": 6, "column": 1 } },
        "line": 1
      }
    },
    "f": { "0": 0 }
  },
  "/Users/bc/Desktop/modulairhr/tailwind.config.js": {
    "path": "/Users/bc/Desktop/modulairhr/tailwind.config.js",
    "all": true,
    "statementMap": {
      "0": { "start": { "line": 1, "column": 0 }, "end": { "line": 1, "column": 43 } },
      "1": { "start": { "line": 2, "column": 0 }, "end": { "line": 2, "column": 18 } },
      "2": { "start": { "line": 3, "column": 0 }, "end": { "line": 3, "column": 20 } },
      "3": { "start": { "line": 4, "column": 0 }, "end": { "line": 4, "column": 12 } },
      "4": { "start": { "line": 5, "column": 0 }, "end": { "line": 5, "column": 37 } },
      "5": { "start": { "line": 6, "column": 0 }, "end": { "line": 6, "column": 78 } },
      "6": { "start": { "line": 7, "column": 0 }, "end": { "line": 7, "column": 68 } },
      "7": { "start": { "line": 8, "column": 0 }, "end": { "line": 8, "column": 60 } },
      "8": { "start": { "line": 9, "column": 0 }, "end": { "line": 9, "column": 4 } },
      "9": { "start": { "line": 10, "column": 0 }, "end": { "line": 10, "column": 10 } },
      "10": { "start": { "line": 11, "column": 0 }, "end": { "line": 11, "column": 15 } },
      "11": { "start": { "line": 12, "column": 0 }, "end": { "line": 12, "column": 4 } },
      "12": { "start": { "line": 13, "column": 0 }, "end": { "line": 13, "column": 12 } },
      "13": { "start": { "line": 14, "column": 0 }, "end": { "line": 14, "column": 39 } },
      "14": { "start": { "line": 15, "column": 0 }, "end": { "line": 15, "column": 34 } },
      "15": { "start": { "line": 16, "column": 0 }, "end": { "line": 16, "column": 41 } },
      "16": { "start": { "line": 17, "column": 0 }, "end": { "line": 17, "column": 4 } },
      "17": { "start": { "line": 18, "column": 0 }, "end": { "line": 18, "column": 1 } }
    },
    "s": {
      "0": 0,
      "1": 0,
      "2": 0,
      "3": 0,
      "4": 0,
      "5": 0,
      "6": 0,
      "7": 0,
      "8": 0,
      "9": 0,
      "10": 0,
      "11": 0,
      "12": 0,
      "13": 0,
      "14": 0,
      "15": 0,
      "16": 0,
      "17": 0
    },
    "branchMap": {
      "0": {
        "type": "branch",
        "line": 1,
        "loc": { "start": { "line": 1, "column": 517 }, "end": { "line": 18, "column": 1 } },
        "locations": [{ "start": { "line": 1, "column": 517 }, "end": { "line": 18, "column": 1 } }]
      }
    },
    "b": { "0": [0] },
    "fnMap": {
      "0": {
        "name": "(empty-report)",
        "decl": { "start": { "line": 1, "column": 517 }, "end": { "line": 18, "column": 1 } },
        "loc": { "start": { "line": 1, "column": 517 }, "end": { "line": 18, "column": 1 } },
        "line": 1
      }
    },
    "f": { "0": 0 }
  },
  "/Users/bc/Desktop/modulairhr/app/layout.tsx": {
    "path": "/Users/bc/Desktop/modulairhr/app/layout.tsx",
    "all": true,
    "statementMap": {
      "0": { "start": { "line": 1, "column": 0 }, "end": { "line": 1, "column": 36 } },
      "3": { "start": { "line": 4, "column": 0 }, "end": { "line": 4, "column": 35 } },
      "4": { "start": { "line": 5, "column": 0 }, "end": { "line": 5, "column": 23 } },
      "5": { "start": { "line": 6, "column": 0 }, "end": { "line": 6, "column": 39 } },
      "6": { "start": { "line": 7, "column": 0 }, "end": { "line": 7, "column": 1 } },
      "8": { "start": { "line": 9, "column": 0 }, "end": { "line": 9, "column": 81 } },
      "9": { "start": { "line": 10, "column": 0 }, "end": { "line": 10, "column": 10 } },
      "10": { "start": { "line": 11, "column": 0 }, "end": { "line": 11, "column": 39 } },
      "11": { "start": { "line": 12, "column": 0 }, "end": { "line": 12, "column": 66 } },
      "12": { "start": { "line": 13, "column": 0 }, "end": { "line": 13, "column": 11 } },
      "14": { "start": { "line": 15, "column": 0 }, "end": { "line": 15, "column": 1 } }
    },
    "s": {
      "0": 0,
      "3": 0,
      "4": 0,
      "5": 0,
      "6": 0,
      "8": 0,
      "9": 0,
      "10": 0,
      "11": 0,
      "12": 0,
      "14": 0
    },
    "branchMap": {
      "0": {
        "type": "branch",
        "line": 1,
        "loc": { "start": { "line": 1, "column": 381 }, "end": { "line": 15, "column": 1 } },
        "locations": [{ "start": { "line": 1, "column": 381 }, "end": { "line": 15, "column": 1 } }]
      }
    },
    "b": { "0": [0] },
    "fnMap": {
      "0": {
        "name": "(empty-report)",
        "decl": { "start": { "line": 1, "column": 381 }, "end": { "line": 15, "column": 1 } },
        "loc": { "start": { "line": 1, "column": 381 }, "end": { "line": 15, "column": 1 } },
        "line": 1
      }
    },
    "f": { "0": 0 }
  },
  "/Users/bc/Desktop/modulairhr/app/page.tsx": {
    "path": "/Users/bc/Desktop/modulairhr/app/page.tsx",
    "all": true,
    "statementMap": {
      "0": { "start": { "line": 1, "column": 0 }, "end": { "line": 1, "column": 36 } },
      "3": { "start": { "line": 4, "column": 0 }, "end": { "line": 4, "column": 35 } },
      "4": { "start": { "line": 5, "column": 0 }, "end": { "line": 5, "column": 48 } },
      "5": { "start": { "line": 6, "column": 0 }, "end": { "line": 6, "column": 1 } },
      "7": { "start": { "line": 8, "column": 0 }, "end": { "line": 8, "column": 29 } },
      "9": { "start": { "line": 10, "column": 0 }, "end": { "line": 10, "column": 57 } },
      "10": { "start": { "line": 11, "column": 0 }, "end": { "line": 11, "column": 59 } },
      "11": { "start": { "line": 12, "column": 0 }, "end": { "line": 12, "column": 2 } },
      "13": { "start": { "line": 14, "column": 0 }, "end": { "line": 14, "column": 65 } },
      "14": { "start": { "line": 15, "column": 0 }, "end": { "line": 15, "column": 61 } },
      "15": { "start": { "line": 16, "column": 0 }, "end": { "line": 16, "column": 2 } },
      "17": { "start": { "line": 18, "column": 0 }, "end": { "line": 18, "column": 32 } },
      "18": { "start": { "line": 19, "column": 0 }, "end": { "line": 19, "column": 10 } },
      "19": { "start": { "line": 20, "column": 0 }, "end": { "line": 20, "column": 6 } },
      "20": { "start": { "line": 21, "column": 0 }, "end": { "line": 21, "column": 14 } },
      "21": { "start": { "line": 22, "column": 0 }, "end": { "line": 22, "column": 18 } },
      "22": { "start": { "line": 23, "column": 0 }, "end": { "line": 23, "column": 7 } },
      "24": { "start": { "line": 25, "column": 0 }, "end": { "line": 25, "column": 1 } }
    },
    "s": {
      "0": 0,
      "3": 0,
      "4": 0,
      "5": 0,
      "7": 0,
      "9": 0,
      "10": 0,
      "11": 0,
      "13": 0,
      "14": 0,
      "15": 0,
      "17": 0,
      "18": 0,
      "19": 0,
      "20": 0,
      "21": 0,
      "22": 0,
      "24": 0
    },
    "branchMap": {
      "0": {
        "type": "branch",
        "line": 1,
        "loc": { "start": { "line": 1, "column": 0 }, "end": { "line": 25, "column": -359 } },
        "locations": [
          { "start": { "line": 1, "column": 0 }, "end": { "line": 25, "column": -359 } }
        ]
      }
    },
    "b": { "0": [0] },
    "fnMap": {
      "0": {
        "name": "(empty-report)",
        "decl": { "start": { "line": 1, "column": 0 }, "end": { "line": 25, "column": -359 } },
        "loc": { "start": { "line": 1, "column": 0 }, "end": { "line": 25, "column": -359 } },
        "line": 1
      }
    },
    "f": { "0": 0 }
  },
  "/Users/bc/Desktop/modulairhr/app/demo/buttons/page.tsx": {
    "path": "/Users/bc/Desktop/modulairhr/app/demo/buttons/page.tsx",
    "all": true,
    "statementMap": {
      "0": { "start": { "line": 1, "column": 0 }, "end": { "line": 1, "column": 47 } },
      "2": { "start": { "line": 3, "column": 0 }, "end": { "line": 3, "column": 42 } },
      "3": { "start": { "line": 4, "column": 0 }, "end": { "line": 4, "column": 10 } },
      "4": { "start": { "line": 5, "column": 0 }, "end": { "line": 5, "column": 49 } },
      "5": { "start": { "line": 6, "column": 0 }, "end": { "line": 6, "column": 51 } },
      "6": { "start": { "line": 7, "column": 0 }, "end": { "line": 7, "column": 83 } },
      "9": { "start": { "line": 10, "column": 0 }, "end": { "line": 10, "column": 39 } },
      "10": { "start": { "line": 11, "column": 0 }, "end": { "line": 11, "column": 83 } },
      "11": { "start": { "line": 12, "column": 0 }, "end": { "line": 12, "column": 61 } },
      "12": { "start": { "line": 13, "column": 0 }, "end": { "line": 13, "column": 54 } },
      "14": { "start": { "line": 15, "column": 0 }, "end": { "line": 15, "column": 16 } },
      "15": { "start": { "line": 16, "column": 0 }, "end": { "line": 16, "column": 63 } },
      "16": { "start": { "line": 17, "column": 0 }, "end": { "line": 17, "column": 63 } },
      "17": { "start": { "line": 18, "column": 0 }, "end": { "line": 18, "column": 67 } },
      "18": { "start": { "line": 19, "column": 0 }, "end": { "line": 19, "column": 59 } },
      "19": { "start": { "line": 20, "column": 0 }, "end": { "line": 20, "column": 64 } },
      "20": { "start": { "line": 21, "column": 0 }, "end": { "line": 21, "column": 18 } },
      "23": { "start": { "line": 24, "column": 0 }, "end": { "line": 24, "column": 67 } },
      "24": { "start": { "line": 25, "column": 0 }, "end": { "line": 25, "column": 117 } },
      "25": { "start": { "line": 26, "column": 0 }, "end": { "line": 26, "column": 56 } },
      "26": { "start": { "line": 27, "column": 0 }, "end": { "line": 27, "column": 60 } },
      "27": { "start": { "line": 28, "column": 0 }, "end": { "line": 28, "column": 84 } },
      "28": { "start": { "line": 29, "column": 0 }, "end": { "line": 29, "column": 18 } },
      "29": { "start": { "line": 30, "column": 0 }, "end": { "line": 30, "column": 16 } },
      "30": { "start": { "line": 31, "column": 0 }, "end": { "line": 31, "column": 18 } },
      "33": { "start": { "line": 34, "column": 0 }, "end": { "line": 34, "column": 39 } },
      "34": { "start": { "line": 35, "column": 0 }, "end": { "line": 35, "column": 80 } },
      "35": { "start": { "line": 36, "column": 0 }, "end": { "line": 36, "column": 61 } },
      "36": { "start": { "line": 37, "column": 0 }, "end": { "line": 37, "column": 60 } },
      "37": { "start": { "line": 38, "column": 0 }, "end": { "line": 38, "column": 50 } },
      "39": { "start": { "line": 40, "column": 0 }, "end": { "line": 40, "column": 23 } },
      "40": { "start": { "line": 41, "column": 0 }, "end": { "line": 41, "column": 50 } },
      "42": { "start": { "line": 43, "column": 0 }, "end": { "line": 43, "column": 23 } },
      "43": { "start": { "line": 44, "column": 0 }, "end": { "line": 44, "column": 50 } },
      "45": { "start": { "line": 46, "column": 0 }, "end": { "line": 46, "column": 23 } },
      "46": { "start": { "line": 47, "column": 0 }, "end": { "line": 47, "column": 18 } },
      "47": { "start": { "line": 48, "column": 0 }, "end": { "line": 48, "column": 16 } },
      "48": { "start": { "line": 49, "column": 0 }, "end": { "line": 49, "column": 18 } },
      "51": { "start": { "line": 52, "column": 0 }, "end": { "line": 52, "column": 39 } },
      "52": { "start": { "line": 53, "column": 0 }, "end": { "line": 53, "column": 79 } },
      "53": { "start": { "line": 54, "column": 0 }, "end": { "line": 54, "column": 53 } },
      "54": { "start": { "line": 55, "column": 0 }, "end": { "line": 55, "column": 35 } },
      "55": { "start": { "line": 56, "column": 0 }, "end": { "line": 56, "column": 73 } },
      "56": { "start": { "line": 57, "column": 0 }, "end": { "line": 57, "column": 75 } },
      "57": { "start": { "line": 58, "column": 0 }, "end": { "line": 58, "column": 58 } },
      "59": { "start": { "line": 60, "column": 0 }, "end": { "line": 60, "column": 20 } },
      "60": { "start": { "line": 61, "column": 0 }, "end": { "line": 61, "column": 57 } },
      "61": { "start": { "line": 62, "column": 0 }, "end": { "line": 62, "column": 54 } },
      "63": { "start": { "line": 64, "column": 0 }, "end": { "line": 64, "column": 27 } },
      "64": { "start": { "line": 65, "column": 0 }, "end": { "line": 65, "column": 56 } },
      "66": { "start": { "line": 67, "column": 0 }, "end": { "line": 67, "column": 27 } },
      "67": { "start": { "line": 68, "column": 0 }, "end": { "line": 68, "column": 22 } },
      "68": { "start": { "line": 69, "column": 0 }, "end": { "line": 69, "column": 20 } },
      "69": { "start": { "line": 70, "column": 0 }, "end": { "line": 70, "column": 15 } },
      "70": { "start": { "line": 71, "column": 0 }, "end": { "line": 71, "column": 16 } },
      "71": { "start": { "line": 72, "column": 0 }, "end": { "line": 72, "column": 18 } },
      "74": { "start": { "line": 75, "column": 0 }, "end": { "line": 75, "column": 39 } },
      "75": { "start": { "line": 76, "column": 0 }, "end": { "line": 76, "column": 89 } },
      "76": { "start": { "line": 77, "column": 0 }, "end": { "line": 77, "column": 68 } },
      "77": { "start": { "line": 78, "column": 0 }, "end": { "line": 78, "column": 53 } },
      "78": { "start": { "line": 79, "column": 0 }, "end": { "line": 79, "column": 46 } },
      "94": { "start": { "line": 95, "column": 0 }, "end": { "line": 95, "column": 18 } },
      "95": { "start": { "line": 96, "column": 0 }, "end": { "line": 96, "column": 16 } },
      "96": { "start": { "line": 97, "column": 0 }, "end": { "line": 97, "column": 18 } },
      "97": { "start": { "line": 98, "column": 0 }, "end": { "line": 98, "column": 12 } },
      "98": { "start": { "line": 99, "column": 0 }, "end": { "line": 99, "column": 10 } },
      "100": { "start": { "line": 101, "column": 0 }, "end": { "line": 101, "column": 1 } }
    },
    "s": {
      "0": 0,
      "2": 0,
      "3": 0,
      "4": 0,
      "5": 0,
      "6": 0,
      "9": 0,
      "10": 0,
      "11": 0,
      "12": 0,
      "14": 0,
      "15": 0,
      "16": 0,
      "17": 0,
      "18": 0,
      "19": 0,
      "20": 0,
      "23": 0,
      "24": 0,
      "25": 0,
      "26": 0,
      "27": 0,
      "28": 0,
      "29": 0,
      "30": 0,
      "33": 0,
      "34": 0,
      "35": 0,
      "36": 0,
      "37": 0,
      "39": 0,
      "40": 0,
      "42": 0,
      "43": 0,
      "45": 0,
      "46": 0,
      "47": 0,
      "48": 0,
      "51": 0,
      "52": 0,
      "53": 0,
      "54": 0,
      "55": 0,
      "56": 0,
      "57": 0,
      "59": 0,
      "60": 0,
      "61": 0,
      "63": 0,
      "64": 0,
      "66": 0,
      "67": 0,
      "68": 0,
      "69": 0,
      "70": 0,
      "71": 0,
      "74": 0,
      "75": 0,
      "76": 0,
      "77": 0,
      "78": 0,
      "94": 0,
      "95": 0,
      "96": 0,
      "97": 0,
      "98": 0,
      "100": 0
    },
    "branchMap": {
      "0": {
        "type": "branch",
        "line": 1,
        "loc": { "start": { "line": 1, "column": 0 }, "end": { "line": 101, "column": -2633 } },
        "locations": [
          { "start": { "line": 1, "column": 0 }, "end": { "line": 101, "column": -2633 } }
        ]
      }
    },
    "b": { "0": [0] },
    "fnMap": {
      "0": {
        "name": "(empty-report)",
        "decl": { "start": { "line": 1, "column": 0 }, "end": { "line": 101, "column": -2633 } },
        "loc": { "start": { "line": 1, "column": 0 }, "end": { "line": 101, "column": -2633 } },
        "line": 1
      }
    },
    "f": { "0": 0 }
  },
  "/Users/bc/Desktop/modulairhr/components/Features.tsx": {
    "path": "/Users/bc/Desktop/modulairhr/components/Features.tsx",
    "all": true,
    "statementMap": {
      "0": { "start": { "line": 1, "column": 0 }, "end": { "line": 1, "column": 47 } },
      "2": { "start": { "line": 3, "column": 0 }, "end": { "line": 3, "column": 36 } },
      "3": { "start": { "line": 4, "column": 0 }, "end": { "line": 4, "column": 20 } },
      "4": { "start": { "line": 5, "column": 0 }, "end": { "line": 5, "column": 5 } },
      "5": { "start": { "line": 6, "column": 0 }, "end": { "line": 6, "column": 36 } },
      "6": { "start": { "line": 7, "column": 0 }, "end": { "line": 7, "column": 38 } },
      "7": { "start": { "line": 8, "column": 0 }, "end": { "line": 8, "column": 18 } },
      "8": { "start": { "line": 9, "column": 0 }, "end": { "line": 9, "column": 142 } },
      "9": { "start": { "line": 10, "column": 0 }, "end": { "line": 10, "column": 17 } },
      "10": { "start": { "line": 11, "column": 0 }, "end": { "line": 11, "column": 6 } },
      "11": { "start": { "line": 12, "column": 0 }, "end": { "line": 12, "column": 5 } },
      "12": { "start": { "line": 13, "column": 0 }, "end": { "line": 13, "column": 36 } },
      "13": { "start": { "line": 14, "column": 0 }, "end": { "line": 14, "column": 39 } },
      "14": { "start": { "line": 15, "column": 0 }, "end": { "line": 15, "column": 18 } },
      "15": { "start": { "line": 16, "column": 0 }, "end": { "line": 16, "column": 103 } },
      "16": { "start": { "line": 17, "column": 0 }, "end": { "line": 17, "column": 17 } },
      "17": { "start": { "line": 18, "column": 0 }, "end": { "line": 18, "column": 6 } },
      "18": { "start": { "line": 19, "column": 0 }, "end": { "line": 19, "column": 5 } },
      "19": { "start": { "line": 20, "column": 0 }, "end": { "line": 20, "column": 38 } },
      "20": { "start": { "line": 21, "column": 0 }, "end": { "line": 21, "column": 45 } },
      "21": { "start": { "line": 22, "column": 0 }, "end": { "line": 22, "column": 94 } },
      "22": { "start": { "line": 23, "column": 0 }, "end": { "line": 23, "column": 17 } },
      "23": { "start": { "line": 24, "column": 0 }, "end": { "line": 24, "column": 6 } },
      "24": { "start": { "line": 25, "column": 0 }, "end": { "line": 25, "column": 3 } },
      "26": { "start": { "line": 27, "column": 0 }, "end": { "line": 27, "column": 10 } },
      "27": { "start": { "line": 28, "column": 0 }, "end": { "line": 28, "column": 51 } },
      "28": { "start": { "line": 29, "column": 0 }, "end": { "line": 29, "column": 54 } },
      "29": { "start": { "line": 30, "column": 0 }, "end": { "line": 30, "column": 43 } },
      "30": { "start": { "line": 31, "column": 0 }, "end": { "line": 31, "column": 71 } },
      "31": { "start": { "line": 32, "column": 0 }, "end": { "line": 32, "column": 31 } },
      "32": { "start": { "line": 33, "column": 0 }, "end": { "line": 33, "column": 105 } },
      "34": { "start": { "line": 35, "column": 0 }, "end": { "line": 35, "column": 19 } },
      "35": { "start": { "line": 36, "column": 0 }, "end": { "line": 36, "column": 15 } },
      "36": { "start": { "line": 37, "column": 0 }, "end": { "line": 37, "column": 52 } },
      "38": { "start": { "line": 39, "column": 0 }, "end": { "line": 39, "column": 14 } },
      "39": { "start": { "line": 40, "column": 0 }, "end": { "line": 40, "column": 14 } },
      "41": { "start": { "line": 42, "column": 0 }, "end": { "line": 42, "column": 51 } },
      "42": { "start": { "line": 43, "column": 0 }, "end": { "line": 43, "column": 45 } },
      "43": { "start": { "line": 44, "column": 0 }, "end": { "line": 44, "column": 16 } },
      "44": { "start": { "line": 45, "column": 0 }, "end": { "line": 45, "column": 25 } },
      "45": { "start": { "line": 46, "column": 0 }, "end": { "line": 46, "column": 170 } },
      "48": { "start": { "line": 49, "column": 0 }, "end": { "line": 49, "column": 18 } },
      "49": { "start": { "line": 50, "column": 0 }, "end": { "line": 50, "column": 68 } },
      "50": { "start": { "line": 51, "column": 0 }, "end": { "line": 51, "column": 24 } },
      "51": { "start": { "line": 52, "column": 0 }, "end": { "line": 52, "column": 83 } },
      "52": { "start": { "line": 53, "column": 0 }, "end": { "line": 53, "column": 44 } },
      "53": { "start": { "line": 54, "column": 0 }, "end": { "line": 54, "column": 18 } },
      "54": { "start": { "line": 55, "column": 0 }, "end": { "line": 55, "column": 16 } },
      "57": { "start": { "line": 58, "column": 0 }, "end": { "line": 58, "column": 36 } },
      "59": { "start": { "line": 60, "column": 0 }, "end": { "line": 60, "column": 208 } },
      "60": { "start": { "line": 61, "column": 0 }, "end": { "line": 61, "column": 32 } },
      "61": { "start": { "line": 62, "column": 0 }, "end": { "line": 62, "column": 22 } },
      "64": { "start": { "line": 65, "column": 0 }, "end": { "line": 65, "column": 43 } },
      "65": { "start": { "line": 66, "column": 0 }, "end": { "line": 66, "column": 87 } },
      "66": { "start": { "line": 67, "column": 0 }, "end": { "line": 67, "column": 89 } },
      "67": { "start": { "line": 68, "column": 0 }, "end": { "line": 68, "column": 88 } },
      "68": { "start": { "line": 69, "column": 0 }, "end": { "line": 69, "column": 22 } },
      "69": { "start": { "line": 70, "column": 0 }, "end": { "line": 70, "column": 20 } },
      "72": { "start": { "line": 73, "column": 0 }, "end": { "line": 73, "column": 60 } },
      "73": { "start": { "line": 74, "column": 0 }, "end": { "line": 74, "column": 64 } },
      "74": { "start": { "line": 75, "column": 0 }, "end": { "line": 75, "column": 65 } },
      "75": { "start": { "line": 76, "column": 0 }, "end": { "line": 76, "column": 20 } },
      "78": { "start": { "line": 79, "column": 0 }, "end": { "line": 79, "column": 176 } },
      "79": { "start": { "line": 80, "column": 0 }, "end": { "line": 80, "column": 18 } },
      "80": { "start": { "line": 81, "column": 0 }, "end": { "line": 81, "column": 13 } },
      "81": { "start": { "line": 82, "column": 0 }, "end": { "line": 82, "column": 14 } },
      "82": { "start": { "line": 83, "column": 0 }, "end": { "line": 83, "column": 12 } },
      "83": { "start": { "line": 84, "column": 0 }, "end": { "line": 84, "column": 14 } },
      "85": { "start": { "line": 86, "column": 0 }, "end": { "line": 86, "column": 1 } }
    },
    "s": {
      "0": 0,
      "2": 0,
      "3": 0,
      "4": 0,
      "5": 0,
      "6": 0,
      "7": 0,
      "8": 0,
      "9": 0,
      "10": 0,
      "11": 0,
      "12": 0,
      "13": 0,
      "14": 0,
      "15": 0,
      "16": 0,
      "17": 0,
      "18": 0,
      "19": 0,
      "20": 0,
      "21": 0,
      "22": 0,
      "23": 0,
      "24": 0,
      "26": 0,
      "27": 0,
      "28": 0,
      "29": 0,
      "30": 0,
      "31": 0,
      "32": 0,
      "34": 0,
      "35": 0,
      "36": 0,
      "38": 0,
      "39": 0,
      "41": 0,
      "42": 0,
      "43": 0,
      "44": 0,
      "45": 0,
      "48": 0,
      "49": 0,
      "50": 0,
      "51": 0,
      "52": 0,
      "53": 0,
      "54": 0,
      "57": 0,
      "59": 0,
      "60": 0,
      "61": 0,
      "64": 0,
      "65": 0,
      "66": 0,
      "67": 0,
      "68": 0,
      "69": 0,
      "72": 0,
      "73": 0,
      "74": 0,
      "75": 0,
      "78": 0,
      "79": 0,
      "80": 0,
      "81": 0,
      "82": 0,
      "83": 0,
      "85": 0
    },
    "branchMap": {
      "0": {
        "type": "branch",
        "line": 1,
        "loc": { "start": { "line": 1, "column": 0 }, "end": { "line": 86, "column": -1622 } },
        "locations": [
          { "start": { "line": 1, "column": 0 }, "end": { "line": 86, "column": -1622 } }
        ]
      }
    },
    "b": { "0": [0] },
    "fnMap": {
      "0": {
        "name": "(empty-report)",
        "decl": { "start": { "line": 1, "column": 0 }, "end": { "line": 86, "column": -1622 } },
        "loc": { "start": { "line": 1, "column": 0 }, "end": { "line": 86, "column": -1622 } },
        "line": 1
      }
    },
    "f": { "0": 0 }
  },
  "/Users/bc/Desktop/modulairhr/components/Hero.tsx": {
    "path": "/Users/bc/Desktop/modulairhr/components/Hero.tsx",
    "all": false,
    "statementMap": {
      "0": { "start": { "line": 1, "column": 0 }, "end": { "line": 1, "column": 32 } },
      "1": { "start": { "line": 2, "column": 0 }, "end": { "line": 2, "column": 10 } },
      "2": { "start": { "line": 3, "column": 0 }, "end": { "line": 3, "column": 72 } },
      "3": { "start": { "line": 4, "column": 0 }, "end": { "line": 4, "column": 65 } },
      "5": { "start": { "line": 6, "column": 0 }, "end": { "line": 6, "column": 77 } },
      "7": { "start": { "line": 8, "column": 0 }, "end": { "line": 8, "column": 14 } },
      "8": { "start": { "line": 9, "column": 0 }, "end": { "line": 9, "column": 40 } },
      "9": { "start": { "line": 10, "column": 0 }, "end": { "line": 10, "column": 20 } },
      "10": { "start": { "line": 11, "column": 0 }, "end": { "line": 11, "column": 89 } },
      "11": { "start": { "line": 12, "column": 0 }, "end": { "line": 12, "column": 42 } },
      "12": { "start": { "line": 13, "column": 0 }, "end": { "line": 13, "column": 51 } },
      "13": { "start": { "line": 14, "column": 0 }, "end": { "line": 14, "column": 14 } },
      "14": { "start": { "line": 15, "column": 0 }, "end": { "line": 15, "column": 12 } },
      "16": { "start": { "line": 17, "column": 0 }, "end": { "line": 17, "column": 62 } },
      "17": { "start": { "line": 18, "column": 0 }, "end": { "line": 18, "column": 87 } },
      "18": { "start": { "line": 19, "column": 0 }, "end": { "line": 19, "column": 66 } },
      "19": { "start": { "line": 20, "column": 0 }, "end": { "line": 20, "column": 107 } },
      "21": { "start": { "line": 22, "column": 0 }, "end": { "line": 22, "column": 21 } },
      "23": { "start": { "line": 24, "column": 0 }, "end": { "line": 24, "column": 17 } },
      "25": { "start": { "line": 26, "column": 0 }, "end": { "line": 26, "column": 77 } },
      "29": { "start": { "line": 30, "column": 0 }, "end": { "line": 30, "column": 16 } },
      "31": { "start": { "line": 32, "column": 0 }, "end": { "line": 32, "column": 50 } },
      "32": { "start": { "line": 33, "column": 0 }, "end": { "line": 33, "column": 187 } },
      "34": { "start": { "line": 35, "column": 0 }, "end": { "line": 35, "column": 23 } },
      "35": { "start": { "line": 36, "column": 0 }, "end": { "line": 36, "column": 188 } },
      "37": { "start": { "line": 38, "column": 0 }, "end": { "line": 38, "column": 23 } },
      "38": { "start": { "line": 39, "column": 0 }, "end": { "line": 39, "column": 18 } },
      "39": { "start": { "line": 40, "column": 0 }, "end": { "line": 40, "column": 16 } },
      "40": { "start": { "line": 41, "column": 0 }, "end": { "line": 41, "column": 14 } },
      "43": { "start": { "line": 44, "column": 0 }, "end": { "line": 44, "column": 12 } },
      "44": { "start": { "line": 45, "column": 0 }, "end": { "line": 45, "column": 91 } },
      "45": { "start": { "line": 46, "column": 0 }, "end": { "line": 46, "column": 18 } },
      "46": { "start": { "line": 47, "column": 0 }, "end": { "line": 47, "column": 54 } },
      "47": { "start": { "line": 48, "column": 0 }, "end": { "line": 48, "column": 12 } },
      "49": { "start": { "line": 50, "column": 0 }, "end": { "line": 50, "column": 98 } },
      "50": { "start": { "line": 51, "column": 0 }, "end": { "line": 51, "column": 14 } },
      "53": { "start": { "line": 54, "column": 0 }, "end": { "line": 54, "column": 101 } },
      "54": { "start": { "line": 55, "column": 0 }, "end": { "line": 55, "column": 36 } },
      "55": { "start": { "line": 56, "column": 0 }, "end": { "line": 56, "column": 125 } },
      "56": { "start": { "line": 57, "column": 0 }, "end": { "line": 57, "column": 130 } },
      "57": { "start": { "line": 58, "column": 0 }, "end": { "line": 58, "column": 92 } },
      "58": { "start": { "line": 59, "column": 0 }, "end": { "line": 59, "column": 73 } },
      "59": { "start": { "line": 60, "column": 0 }, "end": { "line": 60, "column": 47 } },
      "60": { "start": { "line": 61, "column": 0 }, "end": { "line": 61, "column": 59 } },
      "61": { "start": { "line": 62, "column": 0 }, "end": { "line": 62, "column": 91 } },
      "62": { "start": { "line": 63, "column": 0 }, "end": { "line": 63, "column": 64 } },
      "64": { "start": { "line": 65, "column": 0 }, "end": { "line": 65, "column": 24 } },
      "65": { "start": { "line": 66, "column": 0 }, "end": { "line": 66, "column": 24 } },
      "66": { "start": { "line": 67, "column": 0 }, "end": { "line": 67, "column": 22 } },
      "67": { "start": { "line": 68, "column": 0 }, "end": { "line": 68, "column": 20 } },
      "68": { "start": { "line": 69, "column": 0 }, "end": { "line": 69, "column": 18 } },
      "69": { "start": { "line": 70, "column": 0 }, "end": { "line": 70, "column": 16 } },
      "70": { "start": { "line": 71, "column": 0 }, "end": { "line": 71, "column": 14 } },
      "71": { "start": { "line": 72, "column": 0 }, "end": { "line": 72, "column": 12 } },
      "72": { "start": { "line": 73, "column": 0 }, "end": { "line": 73, "column": 14 } },
      "74": { "start": { "line": 75, "column": 0 }, "end": { "line": 75, "column": 1 } }
    },
    "s": {
      "0": 4,
      "1": 4,
      "2": 4,
      "3": 4,
      "5": 4,
      "7": 4,
      "8": 4,
      "9": 4,
      "10": 4,
      "11": 4,
      "12": 4,
      "13": 4,
      "14": 4,
      "16": 4,
      "17": 4,
      "18": 4,
      "19": 4,
      "21": 4,
      "23": 4,
      "25": 4,
      "29": 4,
      "31": 4,
      "32": 4,
      "34": 4,
      "35": 4,
      "37": 4,
      "38": 4,
      "39": 4,
      "40": 4,
      "43": 4,
      "44": 4,
      "45": 4,
      "46": 4,
      "47": 4,
      "49": 4,
      "50": 4,
      "53": 4,
      "54": 4,
      "55": 4,
      "56": 4,
      "57": 4,
      "58": 4,
      "59": 4,
      "60": 4,
      "61": 4,
      "62": 4,
      "64": 4,
      "65": 4,
      "66": 4,
      "67": 4,
      "68": 4,
      "69": 4,
      "70": 4,
      "71": 4,
      "72": 4,
      "74": 4
    },
    "branchMap": {
      "0": {
        "type": "branch",
        "line": 1,
        "loc": { "start": { "line": 1, "column": 0 }, "end": { "line": 75, "column": 1 } },
        "locations": [{ "start": { "line": 1, "column": 0 }, "end": { "line": 75, "column": 1 } }]
      }
    },
    "b": { "0": [4] },
    "fnMap": {
      "0": {
        "name": "Hero",
        "decl": { "start": { "line": 1, "column": 0 }, "end": { "line": 75, "column": 1 } },
        "loc": { "start": { "line": 1, "column": 0 }, "end": { "line": 75, "column": 1 } },
        "line": 1
      }
    },
    "f": { "0": 4 }
  },
  "/Users/bc/Desktop/modulairhr/components/ui/Button.tsx": {
    "path": "/Users/bc/Desktop/modulairhr/components/ui/Button.tsx",
    "all": false,
    "statementMap": {
      "0": { "start": { "line": 1, "column": 0 }, "end": { "line": 1, "column": 12 } },
      "6": { "start": { "line": 7, "column": 0 }, "end": { "line": 7, "column": 27 } },
      "8": { "start": { "line": 9, "column": 0 }, "end": { "line": 9, "column": 3 } },
      "9": { "start": { "line": 10, "column": 0 }, "end": { "line": 10, "column": 46 } },
      "10": { "start": { "line": 11, "column": 0 }, "end": { "line": 11, "column": 39 } },
      "11": { "start": { "line": 12, "column": 0 }, "end": { "line": 12, "column": 34 } },
      "12": { "start": { "line": 13, "column": 0 }, "end": { "line": 13, "column": 82 } },
      "13": { "start": { "line": 14, "column": 0 }, "end": { "line": 14, "column": 55 } },
      "15": { "start": { "line": 16, "column": 0 }, "end": { "line": 16, "column": 52 } },
      "16": { "start": { "line": 17, "column": 0 }, "end": { "line": 17, "column": 44 } },
      "17": { "start": { "line": 18, "column": 0 }, "end": { "line": 18, "column": 4 } },
      "18": { "start": { "line": 19, "column": 0 }, "end": { "line": 19, "column": 3 } },
      "19": { "start": { "line": 20, "column": 0 }, "end": { "line": 20, "column": 15 } },
      "20": { "start": { "line": 21, "column": 0 }, "end": { "line": 21, "column": 16 } },
      "21": { "start": { "line": 22, "column": 0 }, "end": { "line": 22, "column": 18 } },
      "22": { "start": { "line": 23, "column": 0 }, "end": { "line": 23, "column": 57 } },
      "23": { "start": { "line": 24, "column": 0 }, "end": { "line": 24, "column": 23 } },
      "24": { "start": { "line": 25, "column": 0 }, "end": { "line": 25, "column": 38 } },
      "25": { "start": { "line": 26, "column": 0 }, "end": { "line": 26, "column": 93 } },
      "26": { "start": { "line": 27, "column": 0 }, "end": { "line": 27, "column": 52 } },
      "27": { "start": { "line": 28, "column": 0 }, "end": { "line": 28, "column": 40 } },
      "28": { "start": { "line": 29, "column": 0 }, "end": { "line": 29, "column": 10 } },
      "29": { "start": { "line": 30, "column": 0 }, "end": { "line": 30, "column": 20 } },
      "30": { "start": { "line": 31, "column": 0 }, "end": { "line": 31, "column": 27 } },
      "31": { "start": { "line": 32, "column": 0 }, "end": { "line": 32, "column": 26 } },
      "32": { "start": { "line": 33, "column": 0 }, "end": { "line": 33, "column": 37 } },
      "33": { "start": { "line": 34, "column": 0 }, "end": { "line": 34, "column": 54 } },
      "34": { "start": { "line": 35, "column": 0 }, "end": { "line": 35, "column": 40 } },
      "35": { "start": { "line": 36, "column": 0 }, "end": { "line": 36, "column": 10 } },
      "36": { "start": { "line": 37, "column": 0 }, "end": { "line": 37, "column": 16 } },
      "37": { "start": { "line": 38, "column": 0 }, "end": { "line": 38, "column": 27 } },
      "38": { "start": { "line": 39, "column": 0 }, "end": { "line": 39, "column": 26 } },
      "39": { "start": { "line": 40, "column": 0 }, "end": { "line": 40, "column": 74 } },
      "40": { "start": { "line": 41, "column": 0 }, "end": { "line": 41, "column": 30 } },
      "41": { "start": { "line": 42, "column": 0 }, "end": { "line": 42, "column": 40 } },
      "42": { "start": { "line": 43, "column": 0 }, "end": { "line": 43, "column": 10 } },
      "43": { "start": { "line": 44, "column": 0 }, "end": { "line": 44, "column": 22 } },
      "44": { "start": { "line": 45, "column": 0 }, "end": { "line": 45, "column": 23 } },
      "45": { "start": { "line": 46, "column": 0 }, "end": { "line": 46, "column": 23 } },
      "46": { "start": { "line": 47, "column": 0 }, "end": { "line": 47, "column": 40 } },
      "47": { "start": { "line": 48, "column": 0 }, "end": { "line": 48, "column": 38 } },
      "48": { "start": { "line": 49, "column": 0 }, "end": { "line": 49, "column": 29 } },
      "49": { "start": { "line": 50, "column": 0 }, "end": { "line": 50, "column": 39 } },
      "50": { "start": { "line": 51, "column": 0 }, "end": { "line": 51, "column": 10 } },
      "51": { "start": { "line": 52, "column": 0 }, "end": { "line": 52, "column": 8 } },
      "52": { "start": { "line": 53, "column": 0 }, "end": { "line": 53, "column": 13 } },
      "53": { "start": { "line": 54, "column": 0 }, "end": { "line": 54, "column": 54 } },
      "54": { "start": { "line": 55, "column": 0 }, "end": { "line": 55, "column": 65 } },
      "55": { "start": { "line": 56, "column": 0 }, "end": { "line": 56, "column": 57 } },
      "56": { "start": { "line": 57, "column": 0 }, "end": { "line": 57, "column": 8 } },
      "57": { "start": { "line": 58, "column": 0 }, "end": { "line": 58, "column": 18 } },
      "58": { "start": { "line": 59, "column": 0 }, "end": { "line": 59, "column": 23 } },
      "59": { "start": { "line": 60, "column": 0 }, "end": { "line": 60, "column": 24 } },
      "60": { "start": { "line": 61, "column": 0 }, "end": { "line": 61, "column": 8 } },
      "61": { "start": { "line": 62, "column": 0 }, "end": { "line": 62, "column": 6 } },
      "62": { "start": { "line": 63, "column": 0 }, "end": { "line": 63, "column": 22 } },
      "63": { "start": { "line": 64, "column": 0 }, "end": { "line": 64, "column": 25 } },
      "64": { "start": { "line": 65, "column": 0 }, "end": { "line": 65, "column": 17 } },
      "65": { "start": { "line": 66, "column": 0 }, "end": { "line": 66, "column": 23 } },
      "66": { "start": { "line": 67, "column": 0 }, "end": { "line": 67, "column": 6 } },
      "67": { "start": { "line": 68, "column": 0 }, "end": { "line": 68, "column": 3 } },
      "68": { "start": { "line": 69, "column": 0 }, "end": { "line": 69, "column": 1 } },
      "76": { "start": { "line": 77, "column": 0 }, "end": { "line": 77, "column": 58 } },
      "77": { "start": { "line": 78, "column": 0 }, "end": { "line": 78, "column": 63 } },
      "78": { "start": { "line": 79, "column": 0 }, "end": { "line": 79, "column": 12 } },
      "79": { "start": { "line": 80, "column": 0 }, "end": { "line": 80, "column": 13 } },
      "80": { "start": { "line": 81, "column": 0 }, "end": { "line": 81, "column": 79 } },
      "81": { "start": { "line": 82, "column": 0 }, "end": { "line": 82, "column": 17 } },
      "82": { "start": { "line": 83, "column": 0 }, "end": { "line": 83, "column": 18 } },
      "83": { "start": { "line": 84, "column": 0 }, "end": { "line": 84, "column": 8 } },
      "85": { "start": { "line": 86, "column": 0 }, "end": { "line": 86, "column": 3 } },
      "86": { "start": { "line": 87, "column": 0 }, "end": { "line": 87, "column": 1 } },
      "87": { "start": { "line": 88, "column": 0 }, "end": { "line": 88, "column": 29 } }
    },
    "s": {
      "0": 1,
      "6": 1,
      "8": 1,
      "9": 1,
      "10": 1,
      "11": 1,
      "12": 1,
      "13": 1,
      "15": 1,
      "16": 1,
      "17": 1,
      "18": 1,
      "19": 1,
      "20": 1,
      "21": 1,
      "22": 1,
      "23": 1,
      "24": 1,
      "25": 1,
      "26": 1,
      "27": 1,
      "28": 1,
      "29": 1,
      "30": 1,
      "31": 1,
      "32": 1,
      "33": 1,
      "34": 1,
      "35": 1,
      "36": 1,
      "37": 1,
      "38": 1,
      "39": 1,
      "40": 1,
      "41": 1,
      "42": 1,
      "43": 1,
      "44": 1,
      "45": 1,
      "46": 1,
      "47": 1,
      "48": 1,
      "49": 1,
      "50": 1,
      "51": 1,
      "52": 1,
      "53": 1,
      "54": 1,
      "55": 1,
      "56": 1,
      "57": 1,
      "58": 1,
      "59": 1,
      "60": 1,
      "61": 1,
      "62": 1,
      "63": 1,
      "64": 1,
      "65": 1,
      "66": 1,
      "67": 1,
      "68": 1,
      "76": 1,
      "77": 1,
      "78": 13,
      "79": 13,
      "80": 13,
      "81": 13,
      "82": 13,
      "83": 13,
      "85": 13,
      "86": 1,
      "87": 1
    },
    "branchMap": {
      "0": {
        "type": "branch",
        "line": 78,
        "loc": { "start": { "line": 78, "column": 2 }, "end": { "line": 86, "column": 3 } },
        "locations": [{ "start": { "line": 78, "column": 2 }, "end": { "line": 86, "column": 3 } }]
      }
    },
    "b": { "0": [13] },
    "fnMap": {},
    "f": {}
  },
  "/Users/bc/Desktop/modulairhr/lib/utils.ts": {
    "path": "/Users/bc/Desktop/modulairhr/lib/utils.ts",
    "all": false,
    "statementMap": {
      "0": { "start": { "line": 1, "column": 0 }, "end": { "line": 1, "column": 44 } },
      "3": { "start": { "line": 4, "column": 0 }, "end": { "line": 4, "column": 45 } },
      "4": { "start": { "line": 5, "column": 0 }, "end": { "line": 5, "column": 30 } },
      "5": { "start": { "line": 6, "column": 0 }, "end": { "line": 6, "column": 1 } }
    },
    "s": { "0": 1, "3": 1, "4": 13, "5": 13 },
    "branchMap": {
      "0": {
        "type": "branch",
        "line": 4,
        "loc": { "start": { "line": 4, "column": 7 }, "end": { "line": 6, "column": 1 } },
        "locations": [{ "start": { "line": 4, "column": 7 }, "end": { "line": 6, "column": 1 } }]
      }
    },
    "b": { "0": [13] },
    "fnMap": {
      "0": {
        "name": "cn",
        "decl": { "start": { "line": 4, "column": 7 }, "end": { "line": 6, "column": 1 } },
        "loc": { "start": { "line": 4, "column": 7 }, "end": { "line": 6, "column": 1 } },
        "line": 4
      }
    },
    "f": { "0": 13 }
  }
}
